# JRE version: OpenJDK Runtime Environment (7.0_75-b13) (build 1.7.0_75-b13)
# Java VM: OpenJDK 64-Bit Server VM (24.75-b04 mixed mode linux-amd64 compressed oops)
Heap
 PSYoungGen      total 108032K, used 87477K [0x00000000f7a80000, 0x00000000ff600000, 0x0000000100000000)
  eden space 97792K, 82% used [0x00000000f7a80000,0x00000000fc8f32b0,0x00000000fda00000)
  from space 10240K, 69% used [0x00000000fec00000,0x00000000ff2fa220,0x00000000ff600000)
  to   space 14336K, 0% used [0x00000000fda00000,0x00000000fda00000,0x00000000fe800000)
 ParOldGen       total 83968K, used 30150K [0x00000000e7000000, 0x00000000ec200000, 0x00000000f7a80000)
  object space 83968K, 35% used [0x00000000e7000000,0x00000000e8d719b8,0x00000000ec200000)
 PSPermGen       total 50176K, used 49850K [0x00000000dca00000, 0x00000000dfb00000, 0x00000000e7000000)
  object space 50176K, 99% used [0x00000000dca00000,0x00000000dfaaebb8,0x00000000dfb00000)
GC Heap History (10 events):
Event: 11.919 GC heap before
{Heap before GC invocations=12 (full 0):
 PSYoungGen      total 110080K, used 109950K [0x00000000f7a80000, 0x00000000fff00000, 0x0000000100000000)
  eden space 108032K, 100% used [0x00000000f7a80000,0x00000000fe400000,0x00000000fe400000)
  from space 2048K, 93% used [0x00000000fe400000,0x00000000fe5dfa48,0x00000000fe600000)
  to   space 13824K, 0% used [0x00000000ff180000,0x00000000ff180000,0x00000000fff00000)
 ParOldGen       total 83968K, used 19590K [0x00000000e7000000, 0x00000000ec200000, 0x00000000f7a80000)
  object space 83968K, 23% used [0x00000000e7000000,0x00000000e8321878,0x00000000ec200000)
 PSPermGen       total 40960K, used 40929K [0x00000000dca00000, 0x00000000df200000, 0x00000000e7000000)
  object space 40960K, 99% used [0x00000000dca00000,0x00000000df1f8750,0x00000000df200000)
Event: 11.926 GC heap after
Heap after GC invocations=12 (full 0):
 PSYoungGen      total 122368K, used 3277K [0x00000000f7a80000, 0x0000000100000000, 0x0000000100000000)
  eden space 108544K, 0% used [0x00000000f7a80000,0x00000000f7a80000,0x00000000fe480000)
  from space 13824K, 23% used [0x00000000ff180000,0x00000000ff4b36f0,0x00000000fff00000)
  to   space 13312K, 0% used [0x00000000fe480000,0x00000000fe480000,0x00000000ff180000)
 ParOldGen       total 83968K, used 19811K [0x00000000e7000000, 0x00000000ec200000, 0x00000000f7a80000)
  object space 83968K, 23% used [0x00000000e7000000,0x00000000e8358e38,0x00000000ec200000)
 PSPermGen       total 40960K, used 40929K [0x00000000dca00000, 0x00000000df200000, 0x00000000e7000000)
  object space 40960K, 99% used [0x00000000dca00000,0x00000000df1f8750,0x00000000df200000)
}
Event: 12.330 GC heap before
{Heap before GC invocations=13 (full 0):
 PSYoungGen      total 122368K, used 111821K [0x00000000f7a80000, 0x0000000100000000, 0x0000000100000000)
  eden space 108544K, 100% used [0x00000000f7a80000,0x00000000fe480000,0x00000000fe480000)
  from space 13824K, 23% used [0x00000000ff180000,0x00000000ff4b36f0,0x00000000fff00000)
  to   space 13312K, 0% used [0x00000000fe480000,0x00000000fe480000,0x00000000ff180000)
 ParOldGen       total 83968K, used 19811K [0x00000000e7000000, 0x00000000ec200000, 0x00000000f7a80000)
  object space 83968K, 23% used [0x00000000e7000000,0x00000000e8358e38,0x00000000ec200000)
 PSPermGen       total 43008K, used 42684K [0x00000000dca00000, 0x00000000df400000, 0x00000000e7000000)
  object space 43008K, 99% used [0x00000000dca00000,0x00000000df3af1c0,0x00000000df400000)
Event: 12.338 GC heap after
Heap after GC invocations=13 (full 0):
 PSYoungGen      total 121856K, used 782K [0x00000000f7a80000, 0x00000000fff80000, 0x0000000100000000)
  eden space 108544K, 0% used [0x00000000f7a80000,0x00000000f7a80000,0x00000000fe480000)
  from space 13312K, 5% used [0x00000000fe480000,0x00000000fe5438a0,0x00000000ff180000)
  to   space 13312K, 0% used [0x00000000ff280000,0x00000000ff280000,0x00000000fff80000)
 ParOldGen       total 83968K, used 21821K [0x00000000e7000000, 0x00000000ec200000, 0x00000000f7a80000)
  object space 83968K, 25% used [0x00000000e7000000,0x00000000e854f670,0x00000000ec200000)
 PSPermGen       total 43008K, used 42684K [0x00000000dca00000, 0x00000000df400000, 0x00000000e7000000)
  object space 43008K, 99% used [0x00000000dca00000,0x00000000df3af1c0,0x00000000df400000)
}
Event: 63.210 GC heap before
{Heap before GC invocations=14 (full 0):
 PSYoungGen      total 121856K, used 109326K [0x00000000f7a80000, 0x00000000fff80000, 0x0000000100000000)
  eden space 108544K, 100% used [0x00000000f7a80000,0x00000000fe480000,0x00000000fe480000)
  from space 13312K, 5% used [0x00000000fe480000,0x00000000fe5438a0,0x00000000ff180000)
  to   space 13312K, 0% used [0x00000000ff280000,0x00000000ff280000,0x00000000fff80000)
 ParOldGen       total 83968K, used 21821K [0x00000000e7000000, 0x00000000ec200000, 0x00000000f7a80000)
  object space 83968K, 25% used [0x00000000e7000000,0x00000000e854f670,0x00000000ec200000)
 PSPermGen       total 45056K, used 44600K [0x00000000dca00000, 0x00000000df600000, 0x00000000e7000000)
  object space 45056K, 98% used [0x00000000dca00000,0x00000000df58e098,0x00000000df600000)
Event: 63.217 GC heap after
Heap after GC invocations=14 (full 0):
 PSYoungGen      total 118272K, used 12974K [0x00000000f7a80000, 0x0000000100000000, 0x0000000100000000)
  eden space 104960K, 0% used [0x00000000f7a80000,0x00000000f7a80000,0x00000000fe100000)
  from space 13312K, 97% used [0x00000000ff280000,0x00000000fff2bb40,0x00000000fff80000)
  to   space 15872K, 0% used [0x00000000fe100000,0x00000000fe100000,0x00000000ff080000)
 ParOldGen       total 83968K, used 24451K [0x00000000e7000000, 0x00000000ec200000, 0x00000000f7a80000)
  object space 83968K, 29% used [0x00000000e7000000,0x00000000e87e0f50,0x00000000ec200000)
 PSPermGen       total 45056K, used 44600K [0x00000000dca00000, 0x00000000df600000, 0x00000000e7000000)
  object space 45056K, 98% used [0x00000000dca00000,0x00000000df58e098,0x00000000df600000)
}
Event: 123.103 GC heap before
{Heap before GC invocations=15 (full 0):
 PSYoungGen      total 118272K, used 117934K [0x00000000f7a80000, 0x0000000100000000, 0x0000000100000000)
  eden space 104960K, 100% used [0x00000000f7a80000,0x00000000fe100000,0x00000000fe100000)
  from space 13312K, 97% used [0x00000000ff280000,0x00000000fff2bb40,0x00000000fff80000)
  to   space 15872K, 0% used [0x00000000fe100000,0x00000000fe100000,0x00000000ff080000)
 ParOldGen       total 83968K, used 24451K [0x00000000e7000000, 0x00000000ec200000, 0x00000000f7a80000)
  object space 83968K, 29% used [0x00000000e7000000,0x00000000e87e0f50,0x00000000ec200000)
 PSPermGen       total 47616K, used 47121K [0x00000000dca00000, 0x00000000df880000, 0x00000000e7000000)
  object space 47616K, 98% used [0x00000000dca00000,0x00000000df804728,0x00000000df880000)
Event: 123.114 GC heap after
Heap after GC invocations=15 (full 0):
 PSYoungGen      total 105984K, used 4460K [0x00000000f7a80000, 0x00000000ffa80000, 0x0000000100000000)
  eden space 101376K, 0% used [0x00000000f7a80000,0x00000000f7a80000,0x00000000fdd80000)
  from space 4608K, 96% used [0x00000000fe100000,0x00000000fe55b2e0,0x00000000fe580000)
  to   space 14848K, 0% used [0x00000000fec00000,0x00000000fec00000,0x00000000ffa80000)
 ParOldGen       total 83968K, used 28427K [0x00000000e7000000, 0x00000000ec200000, 0x00000000f7a80000)
  object space 83968K, 33% used [0x00000000e7000000,0x00000000e8bc2cb8,0x00000000ec200000)
 PSPermGen       total 47616K, used 47121K [0x00000000dca00000, 0x00000000df880000, 0x00000000e7000000)
  object space 47616K, 98% used [0x00000000dca00000,0x00000000df804728,0x00000000df880000)
}
Event: 186.900 GC heap before
{Heap before GC invocations=16 (full 0):
 PSYoungGen      total 105984K, used 104391K [0x00000000f7a80000, 0x00000000ffa80000, 0x0000000100000000)
  eden space 101376K, 98% used [0x00000000f7a80000,0x00000000fdc16b00,0x00000000fdd80000)
  from space 4608K, 96% used [0x00000000fe100000,0x00000000fe55b2e0,0x00000000fe580000)
  to   space 14848K, 0% used [0x00000000fec00000,0x00000000fec00000,0x00000000ffa80000)
 ParOldGen       total 83968K, used 28427K [0x00000000e7000000, 0x00000000ec200000, 0x00000000f7a80000)
  object space 83968K, 33% used [0x00000000e7000000,0x00000000e8bc2cb8,0x00000000ec200000)
 PSPermGen       total 49152K, used 49007K [0x00000000dca00000, 0x00000000dfa00000, 0x00000000e7000000)
  object space 49152K, 99% used [0x00000000dca00000,0x00000000df9dbea8,0x00000000dfa00000)
Event: 186.911 GC heap after
Heap after GC invocations=16 (full 0):
 PSYoungGen      total 108032K, used 7144K [0x00000000f7a80000, 0x00000000ff600000, 0x0000000100000000)
  eden space 97792K, 0% used [0x00000000f7a80000,0x00000000f7a80000,0x00000000fda00000)
  from space 10240K, 69% used [0x00000000fec00000,0x00000000ff2fa220,0x00000000ff600000)
  to   space 14336K, 0% used [0x00000000fda00000,0x00000000fda00000,0x00000000fe800000)
 ParOldGen       total 83968K, used 30150K [0x00000000e7000000, 0x00000000ec200000, 0x00000000f7a80000)
  object space 83968K, 35% used [0x00000000e7000000,0x00000000e8d719b8,0x00000000ec200000)
 PSPermGen       total 49152K, used 49007K [0x00000000dca00000, 0x00000000dfa00000, 0x00000000e7000000)
  object space 49152K, 99% used [0x00000000dca00000,0x00000000df9dbea8,0x00000000dfa00000)
}

