# JRE version: Java(TM) SE Runtime Environment (8.0_51-b16) (build 1.8.0_51-b16)
# Java VM: Java HotSpot(TM) 64-Bit Server VM (25.51-b03 mixed mode linux-amd64 compressed oops)
Heap:
 PSYoungGen      total 573440K, used 306634K [0x000000076cb00000, 0x000000079f880000, 0x00000007c0000000)
  eden space 558080K, 52% used [0x000000076cb00000,0x000000077e775f90,0x000000078ec00000)
  from space 15360K, 99% used [0x000000078ec00000,0x000000078fafc928,0x000000078fb00000)
  to   space 27648K, 0% used [0x000000079dd80000,0x000000079dd80000,0x000000079f880000)
 ParOldGen       total 76800K, used 47189K [0x00000006c6000000, 0x00000006cab00000, 0x000000076cb00000)
  object space 76800K, 61% used [0x00000006c6000000,0x00000006c8e15480,0x00000006cab00000)
 Metaspace       used 49585K, capacity 49848K, committed 50176K, reserved 1093632K
  class space    used 5974K, capacity 6095K, committed 6144K, reserved 1048576K
GC Heap History (10 events):
Event: 4.920 GC heap before
{Heap before GC invocations=9 (full 1):
 PSYoungGen      total 260608K, used 251904K [0x000000076cb00000, 0x000000078ca00000, 0x00000007c0000000)
  eden space 251904K, 100% used [0x000000076cb00000,0x000000077c100000,0x000000077c100000)
  from space 8704K, 0% used [0x000000077c100000,0x000000077c100000,0x000000077c980000)
  to   space 9728K, 0% used [0x000000078c080000,0x000000078c080000,0x000000078ca00000)
 ParOldGen       total 52224K, used 8397K [0x00000006c6000000, 0x00000006c9300000, 0x000000076cb00000)
  object space 52224K, 16% used [0x00000006c6000000,0x00000006c68334a8,0x00000006c9300000)
 Metaspace       used 28645K, capacity 28914K, committed 29312K, reserved 1075200K
  class space    used 3812K, capacity 3898K, committed 3968K, reserved 1048576K
Event: 4.933 GC heap after
Heap after GC invocations=9 (full 1):
 PSYoungGen      total 424448K, used 9395K [0x000000076cb00000, 0x000000078ca00000, 0x00000007c0000000)
  eden space 414720K, 0% used [0x000000076cb00000,0x000000076cb00000,0x0000000786000000)
  from space 9728K, 96% used [0x000000078c080000,0x000000078c9acd28,0x000000078ca00000)
  to   space 11264K, 0% used [0x000000078b400000,0x000000078b400000,0x000000078bf00000)
 ParOldGen       total 52224K, used 8405K [0x00000006c6000000, 0x00000006c9300000, 0x000000076cb00000)
  object space 52224K, 16% used [0x00000006c6000000,0x00000006c68354a8,0x00000006c9300000)
 Metaspace       used 28645K, capacity 28914K, committed 29312K, reserved 1075200K
  class space    used 3812K, capacity 3898K, committed 3968K, reserved 1048576K
}
Event: 204.186 GC heap before
{Heap before GC invocations=10 (full 1):
 PSYoungGen      total 424448K, used 176223K [0x000000076cb00000, 0x000000078ca00000, 0x00000007c0000000)
  eden space 414720K, 40% used [0x000000076cb00000,0x0000000776deb280,0x0000000786000000)
  from space 9728K, 96% used [0x000000078c080000,0x000000078c9acd28,0x000000078ca00000)
  to   space 11264K, 0% used [0x000000078b400000,0x000000078b400000,0x000000078bf00000)
 ParOldGen       total 52224K, used 8405K [0x00000006c6000000, 0x00000006c9300000, 0x000000076cb00000)
  object space 52224K, 16% used [0x00000006c6000000,0x00000006c68354a8,0x00000006c9300000)
 Metaspace       used 34927K, capacity 35150K, committed 35416K, reserved 1079296K
  class space    used 4703K, capacity 4806K, committed 4864K, reserved 1048576K
Event: 204.202 GC heap after
Heap after GC invocations=10 (full 1):
 PSYoungGen      total 512000K, used 11261K [0x000000076cb00000, 0x0000000790900000, 0x00000007c0000000)
  eden space 500736K, 0% used [0x000000076cb00000,0x000000076cb00000,0x000000078b400000)
  from space 11264K, 99% used [0x000000078b400000,0x000000078beff5f0,0x000000078bf00000)
  to   space 14336K, 0% used [0x000000078fb00000,0x000000078fb00000,0x0000000790900000)
 ParOldGen       total 52224K, used 12155K [0x00000006c6000000, 0x00000006c9300000, 0x000000076cb00000)
  object space 52224K, 23% used [0x00000006c6000000,0x00000006c6bdefa0,0x00000006c9300000)
 Metaspace       used 34927K, capacity 35150K, committed 35416K, reserved 1079296K
  class space    used 4703K, capacity 4806K, committed 4864K, reserved 1048576K
}
Event: 204.202 GC heap before
{Heap before GC invocations=11 (full 2):
 PSYoungGen      total 512000K, used 11261K [0x000000076cb00000, 0x0000000790900000, 0x00000007c0000000)
  eden space 500736K, 0% used [0x000000076cb00000,0x000000076cb00000,0x000000078b400000)
  from space 11264K, 99% used [0x000000078b400000,0x000000078beff5f0,0x000000078bf00000)
  to   space 14336K, 0% used [0x000000078fb00000,0x000000078fb00000,0x0000000790900000)
 ParOldGen       total 52224K, used 12155K [0x00000006c6000000, 0x00000006c9300000, 0x000000076cb00000)
  object space 52224K, 23% used [0x00000006c6000000,0x00000006c6bdefa0,0x00000006c9300000)
 Metaspace       used 34927K, capacity 35150K, committed 35416K, reserved 1079296K
  class space    used 4703K, capacity 4806K, committed 4864K, reserved 1048576K
Event: 204.252 GC heap after
Heap after GC invocations=11 (full 2):
 PSYoungGen      total 512000K, used 0K [0x000000076cb00000, 0x0000000790900000, 0x00000007c0000000)
  eden space 500736K, 0% used [0x000000076cb00000,0x000000076cb00000,0x000000078b400000)
  from space 11264K, 0% used [0x000000078b400000,0x000000078b400000,0x000000078bf00000)
  to   space 14336K, 0% used [0x000000078fb00000,0x000000078fb00000,0x0000000790900000)
 ParOldGen       total 76800K, used 19811K [0x00000006c6000000, 0x00000006cab00000, 0x000000076cb00000)
  object space 76800K, 25% used [0x00000006c6000000,0x00000006c7358eb8,0x00000006cab00000)
 Metaspace       used 34927K, capacity 35150K, committed 35416K, reserved 1079296K
  class space    used 4703K, capacity 4806K, committed 4864K, reserved 1048576K
}
Event: 206.232 GC heap before
{Heap before GC invocations=12 (full 2):
 PSYoungGen      total 512000K, used 500736K [0x000000076cb00000, 0x0000000790900000, 0x00000007c0000000)
  eden space 500736K, 100% used [0x000000076cb00000,0x000000078b400000,0x000000078b400000)
  from space 11264K, 0% used [0x000000078b400000,0x000000078b400000,0x000000078bf00000)
  to   space 14336K, 0% used [0x000000078fb00000,0x000000078fb00000,0x0000000790900000)
 ParOldGen       total 76800K, used 19811K [0x00000006c6000000, 0x00000006cab00000, 0x000000076cb00000)
  object space 76800K, 25% used [0x00000006c6000000,0x00000006c7358eb8,0x00000006cab00000)
 Metaspace       used 44258K, capacity 44551K, committed 44928K, reserved 1089536K
  class space    used 5557K, capacity 5673K, committed 5760K, reserved 1048576K
Event: 206.252 GC heap after
Heap after GC invocations=12 (full 2):
 PSYoungGen      total 572416K, used 11853K [0x000000076cb00000, 0x000000079a400000, 0x00000007c0000000)
  eden space 558080K, 0% used [0x000000076cb00000,0x000000076cb00000,0x000000078ec00000)
  from space 14336K, 82% used [0x000000078fb00000,0x00000007906936e0,0x0000000790900000)
  to   space 15360K, 0% used [0x000000078ec00000,0x000000078ec00000,0x000000078fb00000)
 ParOldGen       total 76800K, used 19819K [0x00000006c6000000, 0x00000006cab00000, 0x000000076cb00000)
  object space 76800K, 25% used [0x00000006c6000000,0x00000006c735aeb8,0x00000006cab00000)
 Metaspace       used 44258K, capacity 44551K, committed 44928K, reserved 1089536K
  class space    used 5557K, capacity 5673K, committed 5760K, reserved 1048576K
}
Event: 247.542 GC heap before
{Heap before GC invocations=13 (full 2):
 PSYoungGen      total 572416K, used 569933K [0x000000076cb00000, 0x000000079a400000, 0x00000007c0000000)
  eden space 558080K, 100% used [0x000000076cb00000,0x000000078ec00000,0x000000078ec00000)
  from space 14336K, 82% used [0x000000078fb00000,0x00000007906936e0,0x0000000790900000)
  to   space 15360K, 0% used [0x000000078ec00000,0x000000078ec00000,0x000000078fb00000)
 ParOldGen       total 76800K, used 19819K [0x00000006c6000000, 0x00000006cab00000, 0x000000076cb00000)
  object space 76800K, 25% used [0x00000006c6000000,0x00000006c735aeb8,0x00000006cab00000)
 Metaspace       used 49523K, capacity 49848K, committed 50176K, reserved 1093632K
  class space    used 5974K, capacity 6095K, committed 6144K, reserved 1048576K
Event: 247.562 GC heap after
Heap after GC invocations=13 (full 2):
 PSYoungGen      total 573440K, used 15346K [0x000000076cb00000, 0x000000079f880000, 0x00000007c0000000)
  eden space 558080K, 0% used [0x000000076cb00000,0x000000076cb00000,0x000000078ec00000)
  from space 15360K, 99% used [0x000000078ec00000,0x000000078fafc928,0x000000078fb00000)
  to   space 27648K, 0% used [0x000000079dd80000,0x000000079dd80000,0x000000079f880000)
 ParOldGen       total 76800K, used 47189K [0x00000006c6000000, 0x00000006cab00000, 0x000000076cb00000)
  object space 76800K, 61% used [0x00000006c6000000,0x00000006c8e15480,0x00000006cab00000)
 Metaspace       used 49523K, capacity 49848K, committed 50176K, reserved 1093632K
  class space    used 5974K, capacity 6095K, committed 6144K, reserved 1048576K
}

